make all -f "/home/compm/Documents/repo/Comp_Arch_Winter/HW1/CompArch-hw1/makefile" --print-data-base --no-builtin-variables --no-builtin-rules --question
make: *** No rule to make target 'bp_main.c', needed by 'bp_main.o'.  Stop.
 
# GNU Make 4.1
 
# Built for x86_64-pc-linux-gnu
 
# Copyright (C) 1988-2014 Free Software Foundation, Inc.
# License GPLv3+: GNU GPL version 3 or later <http://gnu.org/licenses/gpl.html>
# This is free software: you are free to change and redistribute it.
# There is NO WARRANTY, to the extent permitted by law.

# Make data base, printed on Thu Nov 18 18:13:35 2021

# Variables

# automatic
<D = $(patsubst %/,%,$(dir $<))
# automatic
?F = $(notdir $?)
# makefile (from '/home/compm/Documents/repo/Comp_Arch_Winter/HW1/CompArch-hw1/makefile', line 20)
OBJ_GIVEN = $(patsubst %.c,%.o,$(SRC_GIVEN))
# default
.SHELLFLAGS := -c
# makefile (from '/home/compm/Documents/repo/Comp_Arch_Winter/HW1/CompArch-hw1/makefile', line 22)
OBJ = $(OBJ_GIVEN) $(OBJ_BP)
# environment
VSCODE_AGENT_FOLDER = /home/compm/.vscode-server
# environment
VSCODE_LOG_NATIVE = false
# automatic
?D = $(patsubst %/,%,$(dir $?))
# automatic
@D = $(patsubst %/,%,$(dir $@))
# automatic
@F = $(notdir $@)
# default
MAKE_VERSION := 4.1
# makefile
CURDIR := /home/compm/Documents/repo/Comp_Arch_Winter
# makefile
SHELL = /bin/sh
# environment
VSCODE_NLS_CONFIG = {"locale":"en","availableLanguages":{}}
# environment
_ = /home/compm/.vscode-server/bin/3a6960b964327f0e3882ce18fcebd07ed191b316/node
# makefile (from '/home/compm/Documents/repo/Comp_Arch_Winter/HW1/CompArch-hw1/makefile', line 8)
CFLAGS = -std=c99 -Wall
# makefile (from '/home/compm/Documents/repo/Comp_Arch_Winter/HW1/CompArch-hw1/makefile', line 1)
MAKEFILE_LIST :=  /home/compm/Documents/repo/Comp_Arch_Winter/HW1/CompArch-hw1/makefile
# 'override' directive
GNUMAKEFLAGS := 
# makefile (from '/home/compm/Documents/repo/Comp_Arch_Winter/HW1/CompArch-hw1/makefile', line 12)
CXXFLAGS = -std=c++11 -Wall
# environment
MAKELEVEL := 0
# environment
VSCODE_VERBOSE_LOGGING = true
# environment
LESSOPEN = | /usr/bin/lesspipe %s
# environment
LC_NAME = he_IL.UTF-8
# environment
VSCODE_CWD = /home/compm
# environment
SSH_CONNECTION = 192.168.56.1 63858 192.168.56.101 22
# environment
PATH = /home/compm/.vscode-server/bin/3a6960b964327f0e3882ce18fcebd07ed191b316/bin:/home/compm/bin:/home/compm/.local/bin:/home/compm/.vscode-server/bin/3a6960b964327f0e3882ce18fcebd07ed191b316/bin:/usr/local/sbin:/usr/local/bin:/usr/sbin:/usr/bin:/sbin:/bin:/usr/games:/usr/local/games:/snap/bin
# environment
XDG_RUNTIME_DIR = /run/user/1000
# environment
VSCODE_LOG_STACK = false
# environment
LC_NUMERIC = he_IL.UTF-8
# default
.FEATURES := target-specific order-only second-expansion else-if shortest-stem undefine oneshell archives jobserver output-sync check-symlink load
# environment
LS_COLORS = 
# automatic
%F = $(notdir $%)
# environment
VSCODE_PIPE_LOGGING = true
# environment
PWD = /home/compm/Documents/repo/Comp_Arch_Winter
# environment
QT_QPA_PLATFORMTHEME = appmenu-qt5
# environment
VSCODE_IPC_HOOK_CLI = /run/user/1000/vscode-ipc-e5a03370-3661-4d5f-80ab-8df4edfe8956.sock
# automatic
*D = $(patsubst %/,%,$(dir $*))
# environment
VSCODE_AMD_ENTRYPOINT = vs/server/remoteExtensionHostProcess
# environment
HOME = /home/compm
# makefile (from '/home/compm/Documents/repo/Comp_Arch_Winter/HW1/CompArch-hw1/makefile', line 16)
SRC_BP = $(wildcard bp.c bp.cpp)
# environment
LESSCLOSE = /usr/bin/lesspipe %s %s
# makefile (from '/home/compm/Documents/repo/Comp_Arch_Winter/HW1/CompArch-hw1/makefile', line 18)
EXTRA_DEPS = bp_api.h
# environment
LOGNAME = compm
# environment
APPLICATION_INSIGHTS_NO_DIAGNOSTIC_CHANNEL = true
# automatic
+F = $(notdir $+)
# environment
VSCODE_HANDLES_UNCAUGHT_ERRORS = true
# automatic
^D = $(patsubst %/,%,$(dir $^))
# environment
LC_TIME = he_IL.UTF-8
# default
MAKE = $(MAKE_COMMAND)
# default
MAKECMDGOALS := all
# environment
SHLVL = 3
# makefile (from '/home/compm/Documents/repo/Comp_Arch_Winter/HW1/CompArch-hw1/makefile', line 7)
CC = gcc
# environment
XDG_SESSION_ID = 1
# environment
USER = compm
# environment
LC_MONETARY = he_IL.UTF-8
# makefile
.DEFAULT_GOAL := all
# automatic
%D = $(patsubst %/,%,$(dir $%))
# environment
LC_TELEPHONE = he_IL.UTF-8
# makefile (from '/home/compm/Documents/repo/Comp_Arch_Winter/HW1/CompArch-hw1/makefile', line 17)
SRC_GIVEN = bp_main.c
# default
MAKE_COMMAND := make
# default
.VARIABLES := 
# automatic
*F = $(notdir $*)
# makefile
MAKEFLAGS = pqrR
# environment
MFLAGS = -pqrR
# environment
SSH_CLIENT = 192.168.56.1 63858 22
# environment
MAIL = /var/mail/compm
# automatic
+D = $(patsubst %/,%,$(dir $+))
# environment
BROWSER = /home/compm/.vscode-server/bin/3a6960b964327f0e3882ce18fcebd07ed191b316/bin/helpers/browser.sh
# environment
LC_IDENTIFICATION = he_IL.UTF-8
# default
MAKEFILES := 
# automatic
<F = $(notdir $<)
# makefile (from '/home/compm/Documents/repo/Comp_Arch_Winter/HW1/CompArch-hw1/makefile', line 21)
OBJ_BP = bp.o
# automatic
^F = $(notdir $^)
# makefile (from '/home/compm/Documents/repo/Comp_Arch_Winter/HW1/CompArch-hw1/makefile', line 11)
CXX = g++
# environment
LC_MEASUREMENT = he_IL.UTF-8
# environment
LC_ALL = C
# environment
LC_PAPER = he_IL.UTF-8
# default
SUFFIXES := 
# default
.INCLUDE_DIRS = /usr/include /usr/local/include /usr/include
# environment
VSCODE_INJECT_NODE_MODULE_LOOKUP_PATH = /home/compm/.vscode-server/bin/3a6960b964327f0e3882ce18fcebd07ed191b316/remote/node_modules
# default
.RECIPEPREFIX := 
# environment
LC_ADDRESS = he_IL.UTF-8
# default
MAKE_HOST := x86_64-pc-linux-gnu
# environment
LANG = C
# environment
VSCODE_EXTHOST_WILL_SEND_SOCKET = true
# variable set hash-table stats:
# Load=85/1024=8%, Rehash=0, Collisions=14/117=12%

# Pattern-specific Variable Values

# No pattern-specific variable values.

# Directories


# No files, no impossibilities in 0 directories.

# Implicit Rules

# No implicit rules.

# Files

all: bp_main
#  Command line target.
#  Implicit rule search has been done.
#  File does not exist.
#  File has not been updated.

.PHONY: clean
#  Implicit rule search has not been done.
#  Modification time never checked.
#  File has not been updated.

# Not a target:
/home/compm/Documents/repo/Comp_Arch_Winter/HW1/CompArch-hw1/makefile:
#  Implicit rule search has been done.
#  Last modified 2021-11-13 08:52:47.506108703
#  File has been updated.
#  Successfully updated.

bp.o: bp.cpp
#  Implicit rule search has not been done.
#  Modification time never checked.
#  File has not been updated.
#  recipe to execute (from '/home/compm/Documents/repo/Comp_Arch_Winter/HW1/CompArch-hw1/makefile', line 39):
	$(CXX) -c $(CXXFLAGS)  -o $@ $^ -lm

# Not a target:
bp_main.c:
#  Implicit rule search has been done.
#  File does not exist.
#  File has not been updated.

# Not a target:
.DEFAULT:
#  Implicit rule search has not been done.
#  Modification time never checked.
#  File has not been updated.

clean:
#  Phony target (prerequisite of .PHONY).
#  Implicit rule search has not been done.
#  File does not exist.
#  File has not been updated.
#  recipe to execute (from '/home/compm/Documents/repo/Comp_Arch_Winter/HW1/CompArch-hw1/makefile', line 48):
	rm -f bp_main $(OBJ)

# Not a target:
bp.cpp:
#  Implicit rule search has not been done.
#  Modification time never checked.
#  File has not been updated.

bp_main: bp_main.o bp.o
#  Implicit rule search has not been done.
#  File does not exist.
#  File has not been updated.
#  recipe to execute (from '/home/compm/Documents/repo/Comp_Arch_Winter/HW1/CompArch-hw1/makefile', line 36):
	$(CXX) -o $@ $(OBJ)

bp_main.o: bp_main.c
#  Implicit rule search has not been done.
#  Implicit/static pattern stem: 'bp_main'
#  File does not exist.
#  File has not been updated.
#  recipe to execute (from '/home/compm/Documents/repo/Comp_Arch_Winter/HW1/CompArch-hw1/makefile', line 43):
	$(CC) -c $(CFLAGS)  -o $@ $^ -lm

# files hash-table stats:
# Load=11/1024=1%, Rehash=0, Collisions=0/32=0%
# VPATH Search Paths

# No 'vpath' search paths.

# No general ('VPATH' variable) search path.

# strcache buffers: 1 (0) / strings = 15 / storage = 186 B / avg = 12 B
# current buf: size = 8162 B / used = 186 B / count = 15 / avg = 12 B

# strcache performance: lookups = 30 / hit rate = 50%
# hash-table stats:
# Load=15/8192=0%, Rehash=0, Collisions=0/30=0%
# Finished Make data base on Thu Nov 18 18:13:35 2021

 
